{"/Users/mahao/Desktop/maui/assets/a.jpg": {"path":"/Users/mahao/Desktop/maui/assets/a.jpg","statementMap":{"0":{"start":{"line":1,"column":0},"end":{"line":1,"column":19}}},"fnMap":{},"branchMap":{},"s":{"0":1},"f":{},"b":{},"inputSourceMap":null,"_coverageSchema":"1a1c01bbd47fc00a2c39e90264f33305004495a9","hash":"9da8332f9df83422b497ab897c93b279a0cd56da"}
,"/Users/mahao/Desktop/maui/assets/b.jpg": {"path":"/Users/mahao/Desktop/maui/assets/b.jpg","statementMap":{"0":{"start":{"line":1,"column":0},"end":{"line":1,"column":19}}},"fnMap":{},"branchMap":{},"s":{"0":1},"f":{},"b":{},"inputSourceMap":null,"_coverageSchema":"1a1c01bbd47fc00a2c39e90264f33305004495a9","hash":"3fb9f57a3ec30f82e191d61aef5c35f468b4b11c"}
,"/Users/mahao/Desktop/maui/assets/c.jpg": {"path":"/Users/mahao/Desktop/maui/assets/c.jpg","statementMap":{"0":{"start":{"line":1,"column":0},"end":{"line":1,"column":19}}},"fnMap":{},"branchMap":{},"s":{"0":1},"f":{},"b":{},"inputSourceMap":null,"_coverageSchema":"1a1c01bbd47fc00a2c39e90264f33305004495a9","hash":"abf3d67d208ebd21617cab28141b64b767c8a478"}
,"/Users/mahao/Desktop/maui/assets/d.jpg": {"path":"/Users/mahao/Desktop/maui/assets/d.jpg","statementMap":{"0":{"start":{"line":1,"column":0},"end":{"line":1,"column":19}}},"fnMap":{},"branchMap":{},"s":{"0":1},"f":{},"b":{},"inputSourceMap":null,"_coverageSchema":"1a1c01bbd47fc00a2c39e90264f33305004495a9","hash":"b1b6204ebe123e240a607ec0536b84b473865b61"}
,"/Users/mahao/Desktop/maui/src/components/Avatar/index.tsx": {"path":"/Users/mahao/Desktop/maui/src/components/Avatar/index.tsx","statementMap":{"0":{"start":{"line":13,"column":38},"end":{"line":53,"column":1}},"1":{"start":{"line":14,"column":88},"end":{"line":14,"column":93}},"2":{"start":{"line":15,"column":21},"end":{"line":15,"column":58}},"3":{"start":{"line":17,"column":21},"end":{"line":23,"column":8}},"4":{"start":{"line":18,"column":4},"end":{"line":22,"column":15}},"5":{"start":{"line":25,"column":21},"end":{"line":38,"column":20}},"6":{"start":{"line":26,"column":4},"end":{"line":32,"column":5}},"7":{"start":{"line":27,"column":6},"end":{"line":31,"column":7}},"8":{"start":{"line":33,"column":4},"end":{"line":37,"column":5}},"9":{"start":{"line":40,"column":2},"end":{"line":52,"column":4}},"10":{"start":{"line":55,"column":15},"end":{"line":69,"column":2}}},"fnMap":{"0":{"name":"(anonymous_0)","decl":{"start":{"line":13,"column":38},"end":{"line":13,"column":39}},"loc":{"start":{"line":13,"column":47},"end":{"line":53,"column":1}},"line":13},"1":{"name":"(anonymous_1)","decl":{"start":{"line":17,"column":33},"end":{"line":17,"column":34}},"loc":{"start":{"line":17,"column":39},"end":{"line":23,"column":3}},"line":17},"2":{"name":"(anonymous_2)","decl":{"start":{"line":25,"column":29},"end":{"line":25,"column":30}},"loc":{"start":{"line":25,"column":35},"end":{"line":38,"column":3}},"line":25}},"branchMap":{"0":{"loc":{"start":{"line":14,"column":9},"end":{"line":14,"column":18}},"type":"default-arg","locations":[{"start":{"line":14,"column":16},"end":{"line":14,"column":18}}],"line":14},"1":{"loc":{"start":{"line":14,"column":60},"end":{"line":14,"column":84}},"type":"default-arg","locations":[{"start":{"line":14,"column":78},"end":{"line":14,"column":84}}],"line":14},"2":{"loc":{"start":{"line":26,"column":4},"end":{"line":32,"column":5}},"type":"if","locations":[{"start":{"line":26,"column":4},"end":{"line":32,"column":5}},{"start":{},"end":{}}],"line":26}},"s":{"0":1,"1":1,"2":1,"3":1,"4":0,"5":1,"6":1,"7":0,"8":1,"9":1,"10":1},"f":{"0":1,"1":0,"2":1},"b":{"0":[0],"1":[1],"2":[0,1]},"_coverageSchema":"1a1c01bbd47fc00a2c39e90264f33305004495a9","hash":"ba979d6f0e69662d3c5afdce5ffabf87ab8b3299"}
,"/Users/mahao/Desktop/maui/src/components/Badge/index.tsx": {"path":"/Users/mahao/Desktop/maui/src/components/Badge/index.tsx","statementMap":{"0":{"start":{"line":12,"column":36},"end":{"line":55,"column":1}},"1":{"start":{"line":18,"column":6},"end":{"line":18,"column":11}},"2":{"start":{"line":20,"column":18},"end":{"line":37,"column":20}},"3":{"start":{"line":21,"column":4},"end":{"line":26,"column":5}},"4":{"start":{"line":22,"column":6},"end":{"line":25,"column":8}},"5":{"start":{"line":27,"column":4},"end":{"line":32,"column":5}},"6":{"start":{"line":28,"column":6},"end":{"line":31,"column":8}},"7":{"start":{"line":33,"column":4},"end":{"line":36,"column":6}},"8":{"start":{"line":39,"column":2},"end":{"line":41,"column":3}},"9":{"start":{"line":40,"column":4},"end":{"line":40,"column":20}},"10":{"start":{"line":43,"column":2},"end":{"line":54,"column":4}},"11":{"start":{"line":57,"column":15},"end":{"line":62,"column":2}}},"fnMap":{"0":{"name":"(anonymous_0)","decl":{"start":{"line":12,"column":36},"end":{"line":12,"column":37}},"loc":{"start":{"line":12,"column":45},"end":{"line":55,"column":1}},"line":12},"1":{"name":"(anonymous_1)","decl":{"start":{"line":20,"column":26},"end":{"line":20,"column":27}},"loc":{"start":{"line":20,"column":32},"end":{"line":37,"column":3}},"line":20}},"branchMap":{"0":{"loc":{"start":{"line":15,"column":4},"end":{"line":15,"column":13}},"type":"default-arg","locations":[{"start":{"line":15,"column":11},"end":{"line":15,"column":13}}],"line":15},"1":{"loc":{"start":{"line":16,"column":4},"end":{"line":16,"column":25}},"type":"default-arg","locations":[{"start":{"line":16,"column":15},"end":{"line":16,"column":25}}],"line":16},"2":{"loc":{"start":{"line":17,"column":4},"end":{"line":17,"column":21}},"type":"default-arg","locations":[{"start":{"line":17,"column":12},"end":{"line":17,"column":21}}],"line":17},"3":{"loc":{"start":{"line":21,"column":4},"end":{"line":26,"column":5}},"type":"if","locations":[{"start":{"line":21,"column":4},"end":{"line":26,"column":5}},{"start":{},"end":{}}],"line":21},"4":{"loc":{"start":{"line":27,"column":4},"end":{"line":32,"column":5}},"type":"if","locations":[{"start":{"line":27,"column":4},"end":{"line":32,"column":5}},{"start":{},"end":{}}],"line":27},"5":{"loc":{"start":{"line":39,"column":2},"end":{"line":41,"column":3}},"type":"if","locations":[{"start":{"line":39,"column":2},"end":{"line":41,"column":3}},{"start":{},"end":{}}],"line":39},"6":{"loc":{"start":{"line":39,"column":6},"end":{"line":39,"column":29}},"type":"binary-expr","locations":[{"start":{"line":39,"column":6},"end":{"line":39,"column":13}},{"start":{"line":39,"column":17},"end":{"line":39,"column":29}}],"line":39}},"s":{"0":1,"1":2,"2":2,"3":2,"4":1,"5":1,"6":1,"7":0,"8":2,"9":0,"10":2,"11":1},"f":{"0":2,"1":2},"b":{"0":[0],"1":[2],"2":[2],"3":[1,1],"4":[1,0],"5":[0,2],"6":[2,2]},"_coverageSchema":"1a1c01bbd47fc00a2c39e90264f33305004495a9","hash":"f72681d2222f03344d3d9cf81fe42d5c6477a238"}
,"/Users/mahao/Desktop/maui/src/components/Button/index.tsx": {"path":"/Users/mahao/Desktop/maui/src/components/Button/index.tsx","statementMap":{"0":{"start":{"line":18,"column":38},"end":{"line":57,"column":1}},"1":{"start":{"line":19,"column":63},"end":{"line":19,"column":68}},"2":{"start":{"line":21,"column":20},"end":{"line":35,"column":22}},"3":{"start":{"line":22,"column":4},"end":{"line":24,"column":5}},"4":{"start":{"line":23,"column":6},"end":{"line":23,"column":28}},"5":{"start":{"line":25,"column":4},"end":{"line":34,"column":5}},"6":{"start":{"line":27,"column":8},"end":{"line":27,"column":30}},"7":{"start":{"line":29,"column":8},"end":{"line":29,"column":30}},"8":{"start":{"line":31,"column":8},"end":{"line":31,"column":27}},"9":{"start":{"line":33,"column":8},"end":{"line":33,"column":30}},"10":{"start":{"line":37,"column":24},"end":{"line":39,"column":16}},"11":{"start":{"line":38,"column":4},"end":{"line":38,"column":30}},"12":{"start":{"line":41,"column":22},"end":{"line":44,"column":15}},"13":{"start":{"line":42,"column":4},"end":{"line":42,"column":27}},"14":{"start":{"line":42,"column":20},"end":{"line":42,"column":27}},"15":{"start":{"line":43,"column":4},"end":{"line":43,"column":25}},"16":{"start":{"line":46,"column":2},"end":{"line":56,"column":4}},"17":{"start":{"line":59,"column":15},"end":{"line":90,"column":2}}},"fnMap":{"0":{"name":"(anonymous_0)","decl":{"start":{"line":18,"column":38},"end":{"line":18,"column":39}},"loc":{"start":{"line":18,"column":49},"end":{"line":57,"column":1}},"line":18},"1":{"name":"(anonymous_1)","decl":{"start":{"line":21,"column":28},"end":{"line":21,"column":29}},"loc":{"start":{"line":21,"column":34},"end":{"line":35,"column":3}},"line":21},"2":{"name":"(anonymous_2)","decl":{"start":{"line":37,"column":32},"end":{"line":37,"column":33}},"loc":{"start":{"line":37,"column":38},"end":{"line":39,"column":3}},"line":37},"3":{"name":"(anonymous_3)","decl":{"start":{"line":41,"column":34},"end":{"line":41,"column":35}},"loc":{"start":{"line":41,"column":40},"end":{"line":44,"column":3}},"line":41}},"branchMap":{"0":{"loc":{"start":{"line":19,"column":42},"end":{"line":19,"column":58}},"type":"default-arg","locations":[{"start":{"line":19,"column":53},"end":{"line":19,"column":58}}],"line":19},"1":{"loc":{"start":{"line":22,"column":4},"end":{"line":24,"column":5}},"type":"if","locations":[{"start":{"line":22,"column":4},"end":{"line":24,"column":5}},{"start":{},"end":{}}],"line":22},"2":{"loc":{"start":{"line":22,"column":8},"end":{"line":22,"column":46}},"type":"binary-expr","locations":[{"start":{"line":22,"column":8},"end":{"line":22,"column":18}},{"start":{"line":22,"column":22},"end":{"line":22,"column":46}}],"line":22},"3":{"loc":{"start":{"line":25,"column":4},"end":{"line":34,"column":5}},"type":"switch","locations":[{"start":{"line":26,"column":6},"end":{"line":27,"column":30}},{"start":{"line":28,"column":6},"end":{"line":29,"column":30}},{"start":{"line":30,"column":6},"end":{"line":31,"column":27}},{"start":{"line":32,"column":6},"end":{"line":33,"column":30}}],"line":25},"4":{"loc":{"start":{"line":38,"column":11},"end":{"line":38,"column":29}},"type":"cond-expr","locations":[{"start":{"line":38,"column":22},"end":{"line":38,"column":23}},{"start":{"line":38,"column":26},"end":{"line":38,"column":29}}],"line":38},"5":{"loc":{"start":{"line":42,"column":4},"end":{"line":42,"column":27}},"type":"if","locations":[{"start":{"line":42,"column":4},"end":{"line":42,"column":27}},{"start":{},"end":{}}],"line":42},"6":{"loc":{"start":{"line":43,"column":4},"end":{"line":43,"column":24}},"type":"binary-expr","locations":[{"start":{"line":43,"column":4},"end":{"line":43,"column":11}},{"start":{"line":43,"column":15},"end":{"line":43,"column":24}}],"line":43},"7":{"loc":{"start":{"line":53,"column":8},"end":{"line":53,"column":73}},"type":"cond-expr","locations":[{"start":{"line":53,"column":39},"end":{"line":53,"column":62}},{"start":{"line":53,"column":65},"end":{"line":53,"column":73}}],"line":53}},"s":{"0":1,"1":2,"2":2,"3":2,"4":1,"5":1,"6":0,"7":0,"8":0,"9":1,"10":2,"11":2,"12":2,"13":2,"14":1,"15":1,"16":2,"17":1},"f":{"0":2,"1":2,"2":2,"3":2},"b":{"0":[1],"1":[1,1],"2":[2,1],"3":[0,0,0,1],"4":[1,1],"5":[1,1],"6":[1,1],"7":[0,2]},"_coverageSchema":"1a1c01bbd47fc00a2c39e90264f33305004495a9","hash":"2a9d620b29d5fc95c00b007effb6412448220af3"}
,"/Users/mahao/Desktop/maui/src/components/Pagination/Dot.tsx": {"path":"/Users/mahao/Desktop/maui/src/components/Pagination/Dot.tsx","statementMap":{"0":{"start":{"line":9,"column":32},"end":{"line":34,"column":1}},"1":{"start":{"line":10,"column":32},"end":{"line":10,"column":37}},"2":{"start":{"line":12,"column":16},"end":{"line":21,"column":4}},"3":{"start":{"line":13,"column":23},"end":{"line":13,"column":52}},"4":{"start":{"line":14,"column":20},"end":{"line":14,"column":97}},"5":{"start":{"line":15,"column":18},"end":{"line":15,"column":94}},"6":{"start":{"line":17,"column":4},"end":{"line":20,"column":5}},"7":{"start":{"line":23,"column":2},"end":{"line":33,"column":3}}},"fnMap":{"0":{"name":"(anonymous_0)","decl":{"start":{"line":9,"column":32},"end":{"line":9,"column":33}},"loc":{"start":{"line":9,"column":43},"end":{"line":34,"column":1}},"line":9},"1":{"name":"(anonymous_1)","decl":{"start":{"line":12,"column":33},"end":{"line":12,"column":34}},"loc":{"start":{"line":12,"column":39},"end":{"line":21,"column":3}},"line":12}},"branchMap":{},"s":{"0":1,"1":4,"2":4,"3":8,"4":8,"5":8,"6":8,"7":4},"f":{"0":4,"1":8},"b":{},"_coverageSchema":"1a1c01bbd47fc00a2c39e90264f33305004495a9","hash":"7d11e43e7f398cfa7b6ccee6a1ee2573b638b62c"}
,"/Users/mahao/Desktop/maui/src/components/Pagination/index.tsx": {"path":"/Users/mahao/Desktop/maui/src/components/Pagination/index.tsx","statementMap":{"0":{"start":{"line":11,"column":46},"end":{"line":25,"column":1}},"1":{"start":{"line":12,"column":37},"end":{"line":12,"column":42}},"2":{"start":{"line":14,"column":2},"end":{"line":24,"column":3}},"3":{"start":{"line":18,"column":10},"end":{"line":20,"column":11}}},"fnMap":{"0":{"name":"(anonymous_0)","decl":{"start":{"line":11,"column":46},"end":{"line":11,"column":47}},"loc":{"start":{"line":11,"column":55},"end":{"line":25,"column":1}},"line":11},"1":{"name":"(anonymous_1)","decl":{"start":{"line":17,"column":42},"end":{"line":17,"column":43}},"loc":{"start":{"line":17,"column":64},"end":{"line":21,"column":9}},"line":17}},"branchMap":{},"s":{"0":1,"1":1,"2":1,"3":4},"f":{"0":1,"1":4},"b":{},"_coverageSchema":"1a1c01bbd47fc00a2c39e90264f33305004495a9","hash":"5d904930319e0650b5b4a3b90f632e99a8b5a4ff"}
,"/Users/mahao/Desktop/maui/src/components/Picker/hook.ts": {"path":"/Users/mahao/Desktop/maui/src/components/Picker/hook.ts","statementMap":{"0":{"start":{"line":9,"column":17},"end":{"line":25,"column":1}},"1":{"start":{"line":10,"column":32},"end":{"line":10,"column":37}},"2":{"start":{"line":12,"column":2},"end":{"line":14,"column":3}},"3":{"start":{"line":13,"column":4},"end":{"line":13,"column":50}},"4":{"start":{"line":16,"column":25},"end":{"line":19,"column":3}},"5":{"start":{"line":21,"column":2},"end":{"line":21,"column":56}},"6":{"start":{"line":22,"column":2},"end":{"line":22,"column":53}},"7":{"start":{"line":24,"column":2},"end":{"line":24,"column":45}},"8":{"start":{"line":33,"column":24},"end":{"line":53,"column":1}},"9":{"start":{"line":34,"column":19},"end":{"line":34,"column":55}},"10":{"start":{"line":35,"column":21},"end":{"line":35,"column":45}},"11":{"start":{"line":36,"column":17},"end":{"line":36,"column":34}},"12":{"start":{"line":37,"column":23},"end":{"line":37,"column":40}},"13":{"start":{"line":39,"column":21},"end":{"line":39,"column":89}},"14":{"start":{"line":39,"column":50},"end":{"line":39,"column":88}},"15":{"start":{"line":41,"column":24},"end":{"line":44,"column":3}},"16":{"start":{"line":46,"column":2},"end":{"line":52,"column":3}}},"fnMap":{"0":{"name":"(anonymous_0)","decl":{"start":{"line":9,"column":17},"end":{"line":9,"column":18}},"loc":{"start":{"line":9,"column":61},"end":{"line":25,"column":1}},"line":9},"1":{"name":"(anonymous_1)","decl":{"start":{"line":33,"column":24},"end":{"line":33,"column":25}},"loc":{"start":{"line":33,"column":76},"end":{"line":53,"column":1}},"line":33},"2":{"name":"(anonymous_2)","decl":{"start":{"line":39,"column":36},"end":{"line":39,"column":37}},"loc":{"start":{"line":39,"column":50},"end":{"line":39,"column":88}},"line":39}},"branchMap":{"0":{"loc":{"start":{"line":12,"column":2},"end":{"line":14,"column":3}},"type":"if","locations":[{"start":{"line":12,"column":2},"end":{"line":14,"column":3}},{"start":{},"end":{}}],"line":12},"1":{"loc":{"start":{"line":21,"column":30},"end":{"line":21,"column":55}},"type":"binary-expr","locations":[{"start":{"line":21,"column":30},"end":{"line":21,"column":49}},{"start":{"line":21,"column":53},"end":{"line":21,"column":55}}],"line":21},"2":{"loc":{"start":{"line":22,"column":29},"end":{"line":22,"column":52}},"type":"binary-expr","locations":[{"start":{"line":22,"column":29},"end":{"line":22,"column":47}},{"start":{"line":22,"column":51},"end":{"line":22,"column":52}}],"line":22}},"s":{"0":1,"1":3,"2":3,"3":1,"4":2,"5":2,"6":2,"7":2,"8":1,"9":1,"10":1,"11":1,"12":1,"13":1,"14":3,"15":1,"16":1},"f":{"0":3,"1":1,"2":3},"b":{"0":[1,2],"1":[2,1],"2":[2,1]},"_coverageSchema":"1a1c01bbd47fc00a2c39e90264f33305004495a9","hash":"730d6ecbe0cda65f13ef9ec33f00a3017560d729"}
,"/Users/mahao/Desktop/maui/src/components/Swiper/BaseLayout.tsx": {"path":"/Users/mahao/Desktop/maui/src/components/Swiper/BaseLayout.tsx","statementMap":{"0":{"start":{"line":9,"column":16},"end":{"line":9,"column":40}},"1":{"start":{"line":11,"column":46},"end":{"line":41,"column":5}},"2":{"start":{"line":12,"column":108},"end":{"line":12,"column":113}},"3":{"start":{"line":14,"column":16},"end":{"line":33,"column":32}},"4":{"start":{"line":15,"column":23},"end":{"line":15,"column":99}},"5":{"start":{"line":16,"column":4},"end":{"line":32,"column":5}},"6":{"start":{"line":17,"column":6},"end":{"line":23,"column":8}},"7":{"start":{"line":25,"column":6},"end":{"line":31,"column":8}},"8":{"start":{"line":35,"column":2},"end":{"line":41,"column":4}}},"fnMap":{"0":{"name":"(anonymous_0)","decl":{"start":{"line":11,"column":46},"end":{"line":11,"column":47}},"loc":{"start":{"line":11,"column":55},"end":{"line":41,"column":5}},"line":11},"1":{"name":"(anonymous_1)","decl":{"start":{"line":14,"column":33},"end":{"line":14,"column":34}},"loc":{"start":{"line":14,"column":39},"end":{"line":33,"column":3}},"line":14}},"branchMap":{"0":{"loc":{"start":{"line":16,"column":4},"end":{"line":32,"column":5}},"type":"if","locations":[{"start":{"line":16,"column":4},"end":{"line":32,"column":5}},{"start":{"line":24,"column":11},"end":{"line":32,"column":5}}],"line":16}},"s":{"0":1,"1":1,"2":0,"3":0,"4":0,"5":0,"6":0,"7":0,"8":0},"f":{"0":0,"1":0},"b":{"0":[0,0]},"_coverageSchema":"1a1c01bbd47fc00a2c39e90264f33305004495a9","hash":"a5d0fa3111d1e8dd76b26a4447d80340468d14a6"}
,"/Users/mahao/Desktop/maui/src/components/Swiper/ItemWrapper.tsx": {"path":"/Users/mahao/Desktop/maui/src/components/Swiper/ItemWrapper.tsx","statementMap":{"0":{"start":{"line":10,"column":48},"end":{"line":30,"column":1}},"1":{"start":{"line":11,"column":57},"end":{"line":11,"column":62}},"2":{"start":{"line":12,"column":30},"end":{"line":12,"column":44}},"3":{"start":{"line":14,"column":2},"end":{"line":17,"column":4}},"4":{"start":{"line":14,"column":28},"end":{"line":14,"column":46}},"5":{"start":{"line":15,"column":20},"end":{"line":15,"column":75}},"6":{"start":{"line":16,"column":4},"end":{"line":16,"column":33}},"7":{"start":{"line":19,"column":2},"end":{"line":23,"column":3}},"8":{"start":{"line":22,"column":4},"end":{"line":22,"column":61}},"9":{"start":{"line":25,"column":2},"end":{"line":29,"column":4}}},"fnMap":{"0":{"name":"(anonymous_0)","decl":{"start":{"line":10,"column":48},"end":{"line":10,"column":49}},"loc":{"start":{"line":10,"column":57},"end":{"line":30,"column":1}},"line":10},"1":{"name":"(anonymous_1)","decl":{"start":{"line":14,"column":22},"end":{"line":14,"column":23}},"loc":{"start":{"line":14,"column":28},"end":{"line":14,"column":46}},"line":14},"2":{"name":"(anonymous_2)","decl":{"start":{"line":14,"column":48},"end":{"line":14,"column":49}},"loc":{"start":{"line":14,"column":54},"end":{"line":17,"column":3}},"line":14}},"branchMap":{"0":{"loc":{"start":{"line":19,"column":2},"end":{"line":23,"column":3}},"type":"if","locations":[{"start":{"line":19,"column":2},"end":{"line":23,"column":3}},{"start":{},"end":{}}],"line":19}},"s":{"0":1,"1":4,"2":4,"3":4,"4":0,"5":0,"6":0,"7":4,"8":4,"9":0},"f":{"0":4,"1":0,"2":0},"b":{"0":[4,0]},"_coverageSchema":"1a1c01bbd47fc00a2c39e90264f33305004495a9","hash":"9aa20bdc0717c5f36072cb79a2276061f9aa868b"}
,"/Users/mahao/Desktop/maui/src/components/Swiper/ScaleLayout.tsx": {"path":"/Users/mahao/Desktop/maui/src/components/Swiper/ScaleLayout.tsx","statementMap":{"0":{"start":{"line":12,"column":48},"end":{"line":77,"column":5}},"1":{"start":{"line":25,"column":6},"end":{"line":25,"column":11}},"2":{"start":{"line":27,"column":16},"end":{"line":53,"column":70}},"3":{"start":{"line":28,"column":23},"end":{"line":28,"column":99}},"4":{"start":{"line":29,"column":18},"end":{"line":29,"column":113}},"5":{"start":{"line":30,"column":4},"end":{"line":52,"column":5}},"6":{"start":{"line":31,"column":21},"end":{"line":31,"column":115}},"7":{"start":{"line":32,"column":6},"end":{"line":40,"column":8}},"8":{"start":{"line":42,"column":21},"end":{"line":42,"column":116}},"9":{"start":{"line":43,"column":6},"end":{"line":51,"column":8}},"10":{"start":{"line":55,"column":23},"end":{"line":69,"column":43}},"11":{"start":{"line":56,"column":4},"end":{"line":62,"column":5}},"12":{"start":{"line":57,"column":6},"end":{"line":61,"column":7}},"13":{"start":{"line":63,"column":4},"end":{"line":67,"column":5}},"14":{"start":{"line":71,"column":2},"end":{"line":77,"column":4}}},"fnMap":{"0":{"name":"(anonymous_0)","decl":{"start":{"line":12,"column":48},"end":{"line":12,"column":49}},"loc":{"start":{"line":12,"column":57},"end":{"line":77,"column":5}},"line":12},"1":{"name":"(anonymous_1)","decl":{"start":{"line":27,"column":33},"end":{"line":27,"column":34}},"loc":{"start":{"line":27,"column":39},"end":{"line":53,"column":3}},"line":27},"2":{"name":"(anonymous_2)","decl":{"start":{"line":55,"column":31},"end":{"line":55,"column":32}},"loc":{"start":{"line":55,"column":37},"end":{"line":69,"column":3}},"line":55}},"branchMap":{"0":{"loc":{"start":{"line":30,"column":4},"end":{"line":52,"column":5}},"type":"if","locations":[{"start":{"line":30,"column":4},"end":{"line":52,"column":5}},{"start":{"line":41,"column":11},"end":{"line":52,"column":5}}],"line":30},"1":{"loc":{"start":{"line":31,"column":21},"end":{"line":31,"column":115}},"type":"binary-expr","locations":[{"start":{"line":31,"column":21},"end":{"line":31,"column":110}},{"start":{"line":31,"column":114},"end":{"line":31,"column":115}}],"line":31},"2":{"loc":{"start":{"line":42,"column":21},"end":{"line":42,"column":116}},"type":"binary-expr","locations":[{"start":{"line":42,"column":21},"end":{"line":42,"column":111}},{"start":{"line":42,"column":115},"end":{"line":42,"column":116}}],"line":42},"3":{"loc":{"start":{"line":56,"column":4},"end":{"line":62,"column":5}},"type":"if","locations":[{"start":{"line":56,"column":4},"end":{"line":62,"column":5}},{"start":{},"end":{}}],"line":56}},"s":{"0":1,"1":0,"2":0,"3":0,"4":0,"5":0,"6":0,"7":0,"8":0,"9":0,"10":0,"11":0,"12":0,"13":0,"14":0},"f":{"0":0,"1":0,"2":0},"b":{"0":[0,0],"1":[0,0],"2":[0,0],"3":[0,0]},"_coverageSchema":"1a1c01bbd47fc00a2c39e90264f33305004495a9","hash":"0133cc01ff75a7a064ae925ff1b4da1fe89d8b54"}
,"/Users/mahao/Desktop/maui/src/components/Swiper/Swiper.tsx": {"path":"/Users/mahao/Desktop/maui/src/components/Swiper/Swiper.tsx","statementMap":{"0":{"start":{"line":19,"column":16},"end":{"line":19,"column":40}},"1":{"start":{"line":21,"column":15},"end":{"line":197,"column":2}},"2":{"start":{"line":33,"column":6},"end":{"line":33,"column":21}},"3":{"start":{"line":35,"column":20},"end":{"line":35,"column":37}},"4":{"start":{"line":36,"column":23},"end":{"line":36,"column":40}},"5":{"start":{"line":37,"column":19},"end":{"line":37,"column":49}},"6":{"start":{"line":38,"column":17},"end":{"line":38,"column":34}},"7":{"start":{"line":39,"column":20},"end":{"line":39,"column":37}},"8":{"start":{"line":41,"column":20},"end":{"line":52,"column":8}},"9":{"start":{"line":42,"column":4},"end":{"line":47,"column":5}},"10":{"start":{"line":43,"column":6},"end":{"line":46,"column":7}},"11":{"start":{"line":48,"column":4},"end":{"line":51,"column":5}},"12":{"start":{"line":54,"column":23},"end":{"line":67,"column":43}},"13":{"start":{"line":55,"column":4},"end":{"line":55,"column":27}},"14":{"start":{"line":56,"column":4},"end":{"line":56,"column":24}},"15":{"start":{"line":57,"column":4},"end":{"line":57,"column":21}},"16":{"start":{"line":59,"column":4},"end":{"line":66,"column":5}},"17":{"start":{"line":60,"column":6},"end":{"line":60,"column":83}},"18":{"start":{"line":62,"column":6},"end":{"line":64,"column":7}},"19":{"start":{"line":63,"column":8},"end":{"line":63,"column":31}},"20":{"start":{"line":65,"column":6},"end":{"line":65,"column":30}},"21":{"start":{"line":69,"column":22},"end":{"line":77,"column":4}},"22":{"start":{"line":70,"column":16},"end":{"line":70,"column":54}},"23":{"start":{"line":71,"column":4},"end":{"line":75,"column":5}},"24":{"start":{"line":72,"column":6},"end":{"line":72,"column":30}},"25":{"start":{"line":73,"column":11},"end":{"line":75,"column":5}},"26":{"start":{"line":74,"column":6},"end":{"line":74,"column":40}},"27":{"start":{"line":76,"column":4},"end":{"line":76,"column":17}},"28":{"start":{"line":79,"column":16},"end":{"line":79,"column":38}},"29":{"start":{"line":81,"column":27},"end":{"line":87,"column":8}},"30":{"start":{"line":82,"column":4},"end":{"line":86,"column":11}},"31":{"start":{"line":83,"column":6},"end":{"line":85,"column":7}},"32":{"start":{"line":84,"column":8},"end":{"line":84,"column":39}},"33":{"start":{"line":89,"column":25},"end":{"line":95,"column":8}},"34":{"start":{"line":90,"column":4},"end":{"line":94,"column":11}},"35":{"start":{"line":91,"column":6},"end":{"line":93,"column":7}},"36":{"start":{"line":92,"column":8},"end":{"line":92,"column":35}},"37":{"start":{"line":97,"column":19},"end":{"line":110,"column":20}},"38":{"start":{"line":99,"column":4},"end":{"line":99,"column":30}},"39":{"start":{"line":100,"column":4},"end":{"line":102,"column":5}},"40":{"start":{"line":101,"column":6},"end":{"line":101,"column":34}},"41":{"start":{"line":103,"column":4},"end":{"line":103,"column":42}},"42":{"start":{"line":104,"column":4},"end":{"line":109,"column":7}},"43":{"start":{"line":105,"column":6},"end":{"line":105,"column":44}},"44":{"start":{"line":106,"column":6},"end":{"line":108,"column":7}},"45":{"start":{"line":107,"column":8},"end":{"line":107,"column":28}},"46":{"start":{"line":112,"column":19},"end":{"line":117,"column":16}},"47":{"start":{"line":113,"column":4},"end":{"line":116,"column":7}},"48":{"start":{"line":114,"column":6},"end":{"line":114,"column":23}},"49":{"start":{"line":115,"column":6},"end":{"line":115,"column":46}},"50":{"start":{"line":119,"column":15},"end":{"line":124,"column":16}},"51":{"start":{"line":120,"column":4},"end":{"line":123,"column":7}},"52":{"start":{"line":121,"column":6},"end":{"line":121,"column":23}},"53":{"start":{"line":122,"column":6},"end":{"line":122,"column":46}},"54":{"start":{"line":126,"column":24},"end":{"line":126,"column":59}},"55":{"start":{"line":127,"column":2},"end":{"line":127,"column":37}},"56":{"start":{"line":129,"column":21},"end":{"line":148,"column":6}},"57":{"start":{"line":131,"column":6},"end":{"line":131,"column":28}},"58":{"start":{"line":132,"column":6},"end":{"line":132,"column":37}},"59":{"start":{"line":135,"column":6},"end":{"line":139,"column":7}},"60":{"start":{"line":136,"column":8},"end":{"line":136,"column":54}},"61":{"start":{"line":138,"column":8},"end":{"line":138,"column":54}},"62":{"start":{"line":142,"column":23},"end":{"line":142,"column":57}},"63":{"start":{"line":143,"column":23},"end":{"line":143,"column":72}},"64":{"start":{"line":144,"column":19},"end":{"line":144,"column":43}},"65":{"start":{"line":145,"column":6},"end":{"line":145,"column":29}},"66":{"start":{"line":147,"column":6},"end":{"line":147,"column":37}},"67":{"start":{"line":150,"column":2},"end":{"line":154,"column":44}},"68":{"start":{"line":150,"column":34},"end":{"line":154,"column":3}},"69":{"start":{"line":153,"column":27},"end":{"line":153,"column":54}},"70":{"start":{"line":156,"column":27},"end":{"line":173,"column":20}},"71":{"start":{"line":157,"column":19},"end":{"line":157,"column":53}},"72":{"start":{"line":159,"column":4},"end":{"line":172,"column":5}},"73":{"start":{"line":175,"column":2},"end":{"line":196,"column":4}},"74":{"start":{"line":199,"column":15},"end":{"line":208,"column":2}}},"fnMap":{"0":{"name":"(anonymous_0)","decl":{"start":{"line":21,"column":50},"end":{"line":21,"column":51}},"loc":{"start":{"line":21,"column":66},"end":{"line":197,"column":1}},"line":21},"1":{"name":"(anonymous_1)","decl":{"start":{"line":41,"column":28},"end":{"line":41,"column":29}},"loc":{"start":{"line":41,"column":34},"end":{"line":52,"column":3}},"line":41},"2":{"name":"(anonymous_2)","decl":{"start":{"line":54,"column":39},"end":{"line":54,"column":40}},"loc":{"start":{"line":54,"column":45},"end":{"line":67,"column":3}},"line":54},"3":{"name":"(anonymous_3)","decl":{"start":{"line":69,"column":38},"end":{"line":69,"column":39}},"loc":{"start":{"line":69,"column":44},"end":{"line":77,"column":3}},"line":69},"4":{"name":"(anonymous_4)","decl":{"start":{"line":81,"column":39},"end":{"line":81,"column":40}},"loc":{"start":{"line":81,"column":45},"end":{"line":87,"column":3}},"line":81},"5":{"name":"(anonymous_5)","decl":{"start":{"line":82,"column":15},"end":{"line":82,"column":16}},"loc":{"start":{"line":82,"column":21},"end":{"line":86,"column":5}},"line":82},"6":{"name":"(anonymous_6)","decl":{"start":{"line":89,"column":37},"end":{"line":89,"column":38}},"loc":{"start":{"line":89,"column":43},"end":{"line":95,"column":3}},"line":89},"7":{"name":"(anonymous_7)","decl":{"start":{"line":90,"column":15},"end":{"line":90,"column":16}},"loc":{"start":{"line":90,"column":21},"end":{"line":94,"column":5}},"line":90},"8":{"name":"(anonymous_8)","decl":{"start":{"line":97,"column":31},"end":{"line":97,"column":32}},"loc":{"start":{"line":97,"column":63},"end":{"line":110,"column":3}},"line":97},"9":{"name":"(anonymous_9)","decl":{"start":{"line":104,"column":83},"end":{"line":104,"column":84}},"loc":{"start":{"line":104,"column":89},"end":{"line":109,"column":5}},"line":104},"10":{"name":"(anonymous_10)","decl":{"start":{"line":112,"column":31},"end":{"line":112,"column":32}},"loc":{"start":{"line":112,"column":62},"end":{"line":117,"column":3}},"line":112},"11":{"name":"(anonymous_11)","decl":{"start":{"line":113,"column":37},"end":{"line":113,"column":38}},"loc":{"start":{"line":113,"column":43},"end":{"line":116,"column":5}},"line":113},"12":{"name":"(anonymous_12)","decl":{"start":{"line":119,"column":27},"end":{"line":119,"column":28}},"loc":{"start":{"line":119,"column":58},"end":{"line":124,"column":3}},"line":119},"13":{"name":"(anonymous_13)","decl":{"start":{"line":120,"column":37},"end":{"line":120,"column":38}},"loc":{"start":{"line":120,"column":43},"end":{"line":123,"column":5}},"line":120},"14":{"name":"(anonymous_14)","decl":{"start":{"line":130,"column":13},"end":{"line":130,"column":14}},"loc":{"start":{"line":130,"column":19},"end":{"line":133,"column":5}},"line":130},"15":{"name":"(anonymous_15)","decl":{"start":{"line":134,"column":14},"end":{"line":134,"column":15}},"loc":{"start":{"line":134,"column":48},"end":{"line":140,"column":5}},"line":134},"16":{"name":"(anonymous_16)","decl":{"start":{"line":141,"column":11},"end":{"line":141,"column":12}},"loc":{"start":{"line":141,"column":39},"end":{"line":148,"column":5}},"line":141},"17":{"name":"(anonymous_17)","decl":{"start":{"line":150,"column":27},"end":{"line":150,"column":28}},"loc":{"start":{"line":150,"column":34},"end":{"line":154,"column":3}},"line":150},"18":{"name":"(anonymous_18)","decl":{"start":{"line":153,"column":21},"end":{"line":153,"column":22}},"loc":{"start":{"line":153,"column":27},"end":{"line":153,"column":54}},"line":153},"19":{"name":"(anonymous_19)","decl":{"start":{"line":156,"column":39},"end":{"line":156,"column":40}},"loc":{"start":{"line":156,"column":69},"end":{"line":173,"column":3}},"line":156}},"branchMap":{"0":{"loc":{"start":{"line":27,"column":4},"end":{"line":27,"column":16}},"type":"default-arg","locations":[{"start":{"line":27,"column":11},"end":{"line":27,"column":16}}],"line":27},"1":{"loc":{"start":{"line":28,"column":4},"end":{"line":28,"column":19}},"type":"default-arg","locations":[{"start":{"line":28,"column":15},"end":{"line":28,"column":19}}],"line":28},"2":{"loc":{"start":{"line":29,"column":4},"end":{"line":29,"column":22}},"type":"default-arg","locations":[{"start":{"line":29,"column":17},"end":{"line":29,"column":22}}],"line":29},"3":{"loc":{"start":{"line":42,"column":4},"end":{"line":47,"column":5}},"type":"if","locations":[{"start":{"line":42,"column":4},"end":{"line":47,"column":5}},{"start":{},"end":{}}],"line":42},"4":{"loc":{"start":{"line":44,"column":15},"end":{"line":44,"column":43}},"type":"binary-expr","locations":[{"start":{"line":44,"column":15},"end":{"line":44,"column":34}},{"start":{"line":44,"column":38},"end":{"line":44,"column":43}}],"line":44},"5":{"loc":{"start":{"line":45,"column":16},"end":{"line":45,"column":43}},"type":"binary-expr","locations":[{"start":{"line":45,"column":16},"end":{"line":45,"column":36}},{"start":{"line":45,"column":40},"end":{"line":45,"column":43}}],"line":45},"6":{"loc":{"start":{"line":59,"column":4},"end":{"line":66,"column":5}},"type":"if","locations":[{"start":{"line":59,"column":4},"end":{"line":66,"column":5}},{"start":{"line":61,"column":11},"end":{"line":66,"column":5}}],"line":59},"7":{"loc":{"start":{"line":62,"column":6},"end":{"line":64,"column":7}},"type":"if","locations":[{"start":{"line":62,"column":6},"end":{"line":64,"column":7}},{"start":{},"end":{}}],"line":62},"8":{"loc":{"start":{"line":71,"column":4},"end":{"line":75,"column":5}},"type":"if","locations":[{"start":{"line":71,"column":4},"end":{"line":75,"column":5}},{"start":{"line":73,"column":11},"end":{"line":75,"column":5}}],"line":71},"9":{"loc":{"start":{"line":73,"column":11},"end":{"line":75,"column":5}},"type":"if","locations":[{"start":{"line":73,"column":11},"end":{"line":75,"column":5}},{"start":{},"end":{}}],"line":73},"10":{"loc":{"start":{"line":83,"column":6},"end":{"line":85,"column":7}},"type":"if","locations":[{"start":{"line":83,"column":6},"end":{"line":85,"column":7}},{"start":{},"end":{}}],"line":83},"11":{"loc":{"start":{"line":84,"column":8},"end":{"line":84,"column":38}},"type":"binary-expr","locations":[{"start":{"line":84,"column":8},"end":{"line":84,"column":20}},{"start":{"line":84,"column":24},"end":{"line":84,"column":38}}],"line":84},"12":{"loc":{"start":{"line":91,"column":6},"end":{"line":93,"column":7}},"type":"if","locations":[{"start":{"line":91,"column":6},"end":{"line":93,"column":7}},{"start":{},"end":{}}],"line":91},"13":{"loc":{"start":{"line":92,"column":8},"end":{"line":92,"column":34}},"type":"binary-expr","locations":[{"start":{"line":92,"column":8},"end":{"line":92,"column":18}},{"start":{"line":92,"column":22},"end":{"line":92,"column":34}}],"line":92},"14":{"loc":{"start":{"line":100,"column":4},"end":{"line":102,"column":5}},"type":"if","locations":[{"start":{"line":100,"column":4},"end":{"line":102,"column":5}},{"start":{},"end":{}}],"line":100},"15":{"loc":{"start":{"line":106,"column":6},"end":{"line":108,"column":7}},"type":"if","locations":[{"start":{"line":106,"column":6},"end":{"line":108,"column":7}},{"start":{},"end":{}}],"line":106},"16":{"loc":{"start":{"line":115,"column":6},"end":{"line":115,"column":45}},"type":"binary-expr","locations":[{"start":{"line":115,"column":6},"end":{"line":115,"column":14}},{"start":{"line":115,"column":18},"end":{"line":115,"column":45}}],"line":115},"17":{"loc":{"start":{"line":122,"column":6},"end":{"line":122,"column":45}},"type":"binary-expr","locations":[{"start":{"line":122,"column":6},"end":{"line":122,"column":14}},{"start":{"line":122,"column":18},"end":{"line":122,"column":45}}],"line":122},"18":{"loc":{"start":{"line":135,"column":6},"end":{"line":139,"column":7}},"type":"if","locations":[{"start":{"line":135,"column":6},"end":{"line":139,"column":7}},{"start":{"line":137,"column":13},"end":{"line":139,"column":7}}],"line":135},"19":{"loc":{"start":{"line":142,"column":23},"end":{"line":142,"column":57}},"type":"cond-expr","locations":[{"start":{"line":142,"column":36},"end":{"line":142,"column":45}},{"start":{"line":142,"column":48},"end":{"line":142,"column":57}}],"line":142},"20":{"loc":{"start":{"line":157,"column":19},"end":{"line":157,"column":53}},"type":"binary-expr","locations":[{"start":{"line":157,"column":19},"end":{"line":157,"column":39}},{"start":{"line":157,"column":43},"end":{"line":157,"column":53}}],"line":157},"21":{"loc":{"start":{"line":169,"column":11},"end":{"line":169,"column":41}},"type":"binary-expr","locations":[{"start":{"line":169,"column":11},"end":{"line":169,"column":21}},{"start":{"line":169,"column":25},"end":{"line":169,"column":41}}],"line":169},"22":{"loc":{"start":{"line":180,"column":27},"end":{"line":180,"column":56}},"type":"cond-expr","locations":[{"start":{"line":180,"column":40},"end":{"line":180,"column":45}},{"start":{"line":180,"column":48},"end":{"line":180,"column":56}}],"line":180}},"s":{"0":1,"1":1,"2":1,"3":1,"4":1,"5":1,"6":1,"7":1,"8":1,"9":1,"10":1,"11":0,"12":1,"13":1,"14":1,"15":1,"16":1,"17":0,"18":1,"19":1,"20":0,"21":1,"22":1,"23":1,"24":0,"25":1,"26":0,"27":1,"28":1,"29":1,"30":1,"31":0,"32":0,"33":1,"34":0,"35":0,"36":0,"37":1,"38":1,"39":1,"40":1,"41":1,"42":1,"43":0,"44":0,"45":0,"46":1,"47":1,"48":0,"49":0,"50":1,"51":0,"52":0,"53":0,"54":1,"55":1,"56":1,"57":0,"58":0,"59":0,"60":0,"61":0,"62":0,"63":0,"64":0,"65":0,"66":0,"67":1,"68":1,"69":2,"70":1,"71":4,"72":4,"73":1,"74":1},"f":{"0":1,"1":1,"2":1,"3":1,"4":1,"5":0,"6":0,"7":0,"8":1,"9":0,"10":1,"11":0,"12":0,"13":0,"14":0,"15":0,"16":0,"17":1,"18":2,"19":4},"b":{"0":[0],"1":[0],"2":[0],"3":[1,0],"4":[1,0],"5":[1,0],"6":[0,1],"7":[1,0],"8":[0,1],"9":[0,1],"10":[0,0],"11":[0,0],"12":[0,0],"13":[0,0],"14":[1,0],"15":[0,0],"16":[0,0],"17":[0,0],"18":[0,0],"19":[0,0],"20":[4,4],"21":[4,4],"22":[1,0]},"_coverageSchema":"1a1c01bbd47fc00a2c39e90264f33305004495a9","hash":"b6c3390bb31858b15a6d921a560c9eac0fd2b7a0"}
,"/Users/mahao/Desktop/maui/src/components/Swiper/hook.ts": {"path":"/Users/mahao/Desktop/maui/src/components/Swiper/hook.ts","statementMap":{"0":{"start":{"line":5,"column":29},"end":{"line":5,"column":32}},"1":{"start":{"line":15,"column":17},"end":{"line":43,"column":1}},"2":{"start":{"line":16,"column":32},"end":{"line":16,"column":37}},"3":{"start":{"line":17,"column":17},"end":{"line":17,"column":34}},"4":{"start":{"line":18,"column":2},"end":{"line":20,"column":3}},"5":{"start":{"line":19,"column":4},"end":{"line":19,"column":50}},"6":{"start":{"line":21,"column":2},"end":{"line":24,"column":3}},"7":{"start":{"line":22,"column":4},"end":{"line":22,"column":35}},"8":{"start":{"line":23,"column":4},"end":{"line":23,"column":35}},"9":{"start":{"line":25,"column":2},"end":{"line":27,"column":3}},"10":{"start":{"line":26,"column":4},"end":{"line":26,"column":35}},"11":{"start":{"line":29,"column":25},"end":{"line":32,"column":3}},"12":{"start":{"line":34,"column":2},"end":{"line":40,"column":3}},"13":{"start":{"line":35,"column":4},"end":{"line":35,"column":59}},"14":{"start":{"line":36,"column":4},"end":{"line":36,"column":55}},"15":{"start":{"line":38,"column":4},"end":{"line":38,"column":78}},"16":{"start":{"line":39,"column":4},"end":{"line":39,"column":74}},"17":{"start":{"line":42,"column":2},"end":{"line":42,"column":45}},"18":{"start":{"line":50,"column":17},"end":{"line":66,"column":1}},"19":{"start":{"line":51,"column":16},"end":{"line":63,"column":4}},"20":{"start":{"line":52,"column":23},"end":{"line":56,"column":5}},"21":{"start":{"line":57,"column":24},"end":{"line":61,"column":5}},"22":{"start":{"line":62,"column":4},"end":{"line":62,"column":36}},"23":{"start":{"line":65,"column":2},"end":{"line":65,"column":15}},"24":{"start":{"line":74,"column":16},"end":{"line":77,"column":1}},"25":{"start":{"line":76,"column":2},"end":{"line":76,"column":111}},"26":{"start":{"line":86,"column":22},"end":{"line":107,"column":1}},"27":{"start":{"line":88,"column":22},"end":{"line":88,"column":35}},"28":{"start":{"line":89,"column":17},"end":{"line":89,"column":59}},"29":{"start":{"line":90,"column":18},"end":{"line":90,"column":60}},"30":{"start":{"line":92,"column":17},"end":{"line":92,"column":58}},"31":{"start":{"line":93,"column":18},"end":{"line":93,"column":62}},"32":{"start":{"line":95,"column":2},"end":{"line":99,"column":3}},"33":{"start":{"line":96,"column":4},"end":{"line":98,"column":5}},"34":{"start":{"line":97,"column":6},"end":{"line":97,"column":19}},"35":{"start":{"line":100,"column":2},"end":{"line":104,"column":3}},"36":{"start":{"line":101,"column":4},"end":{"line":103,"column":5}},"37":{"start":{"line":102,"column":6},"end":{"line":102,"column":19}},"38":{"start":{"line":106,"column":2},"end":{"line":106,"column":14}},"39":{"start":{"line":117,"column":23},"end":{"line":147,"column":1}},"40":{"start":{"line":120,"column":21},"end":{"line":120,"column":25}},"41":{"start":{"line":121,"column":18},"end":{"line":121,"column":64}},"42":{"start":{"line":122,"column":2},"end":{"line":122,"column":25}},"43":{"start":{"line":122,"column":16},"end":{"line":122,"column":25}},"44":{"start":{"line":124,"column":16},"end":{"line":124,"column":47}},"45":{"start":{"line":126,"column":2},"end":{"line":130,"column":3}},"46":{"start":{"line":127,"column":4},"end":{"line":127,"column":43}},"47":{"start":{"line":129,"column":4},"end":{"line":129,"column":70}},"48":{"start":{"line":132,"column":2},"end":{"line":138,"column":3}},"49":{"start":{"line":133,"column":4},"end":{"line":137,"column":5}},"50":{"start":{"line":134,"column":6},"end":{"line":134,"column":19}},"51":{"start":{"line":136,"column":6},"end":{"line":136,"column":23}},"52":{"start":{"line":139,"column":2},"end":{"line":145,"column":3}},"53":{"start":{"line":140,"column":4},"end":{"line":144,"column":5}},"54":{"start":{"line":141,"column":6},"end":{"line":141,"column":19}},"55":{"start":{"line":143,"column":6},"end":{"line":143,"column":23}},"56":{"start":{"line":146,"column":2},"end":{"line":146,"column":15}},"57":{"start":{"line":157,"column":22},"end":{"line":196,"column":1}},"58":{"start":{"line":158,"column":18},"end":{"line":158,"column":40}},"59":{"start":{"line":159,"column":19},"end":{"line":159,"column":40}},"60":{"start":{"line":161,"column":14},"end":{"line":168,"column":28}},"61":{"start":{"line":162,"column":4},"end":{"line":167,"column":5}},"62":{"start":{"line":163,"column":6},"end":{"line":163,"column":55}},"63":{"start":{"line":164,"column":6},"end":{"line":166,"column":19}},"64":{"start":{"line":165,"column":8},"end":{"line":165,"column":18}},"65":{"start":{"line":170,"column":16},"end":{"line":175,"column":17}},"66":{"start":{"line":171,"column":4},"end":{"line":174,"column":5}},"67":{"start":{"line":172,"column":6},"end":{"line":172,"column":30}},"68":{"start":{"line":173,"column":6},"end":{"line":173,"column":12}},"69":{"start":{"line":177,"column":15},"end":{"line":180,"column":8}},"70":{"start":{"line":178,"column":4},"end":{"line":178,"column":29}},"71":{"start":{"line":179,"column":4},"end":{"line":179,"column":53}},"72":{"start":{"line":182,"column":2},"end":{"line":189,"column":26}},"73":{"start":{"line":183,"column":4},"end":{"line":187,"column":5}},"74":{"start":{"line":184,"column":6},"end":{"line":184,"column":14}},"75":{"start":{"line":186,"column":6},"end":{"line":186,"column":13}},"76":{"start":{"line":188,"column":4},"end":{"line":188,"column":15}},"77":{"start":{"line":191,"column":2},"end":{"line":195,"column":3}},"78":{"start":{"line":204,"column":20},"end":{"line":217,"column":1}},"79":{"start":{"line":206,"column":25},"end":{"line":212,"column":8}},"80":{"start":{"line":207,"column":4},"end":{"line":211,"column":5}},"81":{"start":{"line":208,"column":6},"end":{"line":208,"column":13}},"82":{"start":{"line":210,"column":6},"end":{"line":210,"column":14}},"83":{"start":{"line":214,"column":2},"end":{"line":216,"column":5}},"84":{"start":{"line":214,"column":28},"end":{"line":214,"column":42}},"85":{"start":{"line":215,"column":4},"end":{"line":215,"column":34}},"86":{"start":{"line":225,"column":23},"end":{"line":237,"column":1}},"87":{"start":{"line":226,"column":16},"end":{"line":234,"column":4}},"88":{"start":{"line":227,"column":16},"end":{"line":227,"column":41}},"89":{"start":{"line":228,"column":4},"end":{"line":232,"column":5}},"90":{"start":{"line":229,"column":6},"end":{"line":229,"column":30}},"91":{"start":{"line":230,"column":11},"end":{"line":232,"column":5}},"92":{"start":{"line":231,"column":6},"end":{"line":231,"column":27}},"93":{"start":{"line":233,"column":4},"end":{"line":233,"column":17}},"94":{"start":{"line":236,"column":2},"end":{"line":236,"column":15}}},"fnMap":{"0":{"name":"(anonymous_0)","decl":{"start":{"line":15,"column":17},"end":{"line":15,"column":18}},"loc":{"start":{"line":15,"column":61},"end":{"line":43,"column":1}},"line":15},"1":{"name":"(anonymous_1)","decl":{"start":{"line":50,"column":17},"end":{"line":50,"column":18}},"loc":{"start":{"line":50,"column":83},"end":{"line":66,"column":1}},"line":50},"2":{"name":"(anonymous_2)","decl":{"start":{"line":51,"column":32},"end":{"line":51,"column":33}},"loc":{"start":{"line":51,"column":38},"end":{"line":63,"column":3}},"line":51},"3":{"name":"(anonymous_3)","decl":{"start":{"line":74,"column":16},"end":{"line":74,"column":17}},"loc":{"start":{"line":74,"column":78},"end":{"line":77,"column":1}},"line":74},"4":{"name":"(anonymous_4)","decl":{"start":{"line":86,"column":22},"end":{"line":86,"column":23}},"loc":{"start":{"line":86,"column":108},"end":{"line":107,"column":1}},"line":86},"5":{"name":"(anonymous_5)","decl":{"start":{"line":117,"column":23},"end":{"line":117,"column":24}},"loc":{"start":{"line":117,"column":124},"end":{"line":147,"column":1}},"line":117},"6":{"name":"(anonymous_6)","decl":{"start":{"line":157,"column":22},"end":{"line":157,"column":23}},"loc":{"start":{"line":157,"column":110},"end":{"line":196,"column":1}},"line":157},"7":{"name":"(anonymous_7)","decl":{"start":{"line":161,"column":26},"end":{"line":161,"column":27}},"loc":{"start":{"line":161,"column":32},"end":{"line":168,"column":3}},"line":161},"8":{"name":"(anonymous_8)","decl":{"start":{"line":164,"column":35},"end":{"line":164,"column":36}},"loc":{"start":{"line":164,"column":41},"end":{"line":166,"column":7}},"line":164},"9":{"name":"(anonymous_9)","decl":{"start":{"line":170,"column":28},"end":{"line":170,"column":29}},"loc":{"start":{"line":170,"column":34},"end":{"line":175,"column":3}},"line":170},"10":{"name":"(anonymous_10)","decl":{"start":{"line":177,"column":27},"end":{"line":177,"column":28}},"loc":{"start":{"line":177,"column":33},"end":{"line":180,"column":3}},"line":177},"11":{"name":"(anonymous_11)","decl":{"start":{"line":182,"column":12},"end":{"line":182,"column":13}},"loc":{"start":{"line":182,"column":18},"end":{"line":189,"column":3}},"line":182},"12":{"name":"(anonymous_12)","decl":{"start":{"line":204,"column":20},"end":{"line":204,"column":21}},"loc":{"start":{"line":204,"column":102},"end":{"line":217,"column":1}},"line":204},"13":{"name":"(anonymous_13)","decl":{"start":{"line":206,"column":37},"end":{"line":206,"column":38}},"loc":{"start":{"line":206,"column":57},"end":{"line":212,"column":3}},"line":206},"14":{"name":"(anonymous_14)","decl":{"start":{"line":214,"column":22},"end":{"line":214,"column":23}},"loc":{"start":{"line":214,"column":28},"end":{"line":214,"column":42}},"line":214},"15":{"name":"(anonymous_15)","decl":{"start":{"line":214,"column":44},"end":{"line":214,"column":45}},"loc":{"start":{"line":214,"column":55},"end":{"line":216,"column":3}},"line":214},"16":{"name":"(anonymous_16)","decl":{"start":{"line":225,"column":23},"end":{"line":225,"column":24}},"loc":{"start":{"line":225,"column":116},"end":{"line":237,"column":1}},"line":225},"17":{"name":"(anonymous_17)","decl":{"start":{"line":226,"column":32},"end":{"line":226,"column":33}},"loc":{"start":{"line":226,"column":38},"end":{"line":234,"column":3}},"line":226}},"branchMap":{"0":{"loc":{"start":{"line":18,"column":2},"end":{"line":20,"column":3}},"type":"if","locations":[{"start":{"line":18,"column":2},"end":{"line":20,"column":3}},{"start":{},"end":{}}],"line":18},"1":{"loc":{"start":{"line":21,"column":2},"end":{"line":24,"column":3}},"type":"if","locations":[{"start":{"line":21,"column":2},"end":{"line":24,"column":3}},{"start":{},"end":{}}],"line":21},"2":{"loc":{"start":{"line":25,"column":2},"end":{"line":27,"column":3}},"type":"if","locations":[{"start":{"line":25,"column":2},"end":{"line":27,"column":3}},{"start":{},"end":{}}],"line":25},"3":{"loc":{"start":{"line":34,"column":2},"end":{"line":40,"column":3}},"type":"if","locations":[{"start":{"line":34,"column":2},"end":{"line":40,"column":3}},{"start":{"line":37,"column":9},"end":{"line":40,"column":3}}],"line":34},"4":{"loc":{"start":{"line":35,"column":33},"end":{"line":35,"column":58}},"type":"binary-expr","locations":[{"start":{"line":35,"column":33},"end":{"line":35,"column":53}},{"start":{"line":35,"column":57},"end":{"line":35,"column":58}}],"line":35},"5":{"loc":{"start":{"line":36,"column":31},"end":{"line":36,"column":54}},"type":"binary-expr","locations":[{"start":{"line":36,"column":31},"end":{"line":36,"column":49}},{"start":{"line":36,"column":53},"end":{"line":36,"column":54}}],"line":36},"6":{"loc":{"start":{"line":38,"column":33},"end":{"line":38,"column":77}},"type":"binary-expr","locations":[{"start":{"line":38,"column":33},"end":{"line":38,"column":53}},{"start":{"line":38,"column":57},"end":{"line":38,"column":77}}],"line":38},"7":{"loc":{"start":{"line":39,"column":31},"end":{"line":39,"column":73}},"type":"binary-expr","locations":[{"start":{"line":39,"column":31},"end":{"line":39,"column":49}},{"start":{"line":39,"column":53},"end":{"line":39,"column":73}}],"line":39},"8":{"loc":{"start":{"line":92,"column":17},"end":{"line":92,"column":58}},"type":"cond-expr","locations":[{"start":{"line":92,"column":32},"end":{"line":92,"column":47}},{"start":{"line":92,"column":50},"end":{"line":92,"column":58}}],"line":92},"9":{"loc":{"start":{"line":93,"column":18},"end":{"line":93,"column":62}},"type":"cond-expr","locations":[{"start":{"line":93,"column":34},"end":{"line":93,"column":50}},{"start":{"line":93,"column":53},"end":{"line":93,"column":62}}],"line":93},"10":{"loc":{"start":{"line":95,"column":2},"end":{"line":99,"column":3}},"type":"if","locations":[{"start":{"line":95,"column":2},"end":{"line":99,"column":3}},{"start":{},"end":{}}],"line":95},"11":{"loc":{"start":{"line":96,"column":4},"end":{"line":98,"column":5}},"type":"if","locations":[{"start":{"line":96,"column":4},"end":{"line":98,"column":5}},{"start":{},"end":{}}],"line":96},"12":{"loc":{"start":{"line":96,"column":10},"end":{"line":96,"column":49}},"type":"binary-expr","locations":[{"start":{"line":96,"column":10},"end":{"line":96,"column":27}},{"start":{"line":96,"column":31},"end":{"line":96,"column":49}}],"line":96},"13":{"loc":{"start":{"line":100,"column":2},"end":{"line":104,"column":3}},"type":"if","locations":[{"start":{"line":100,"column":2},"end":{"line":104,"column":3}},{"start":{},"end":{}}],"line":100},"14":{"loc":{"start":{"line":101,"column":4},"end":{"line":103,"column":5}},"type":"if","locations":[{"start":{"line":101,"column":4},"end":{"line":103,"column":5}},{"start":{},"end":{}}],"line":101},"15":{"loc":{"start":{"line":101,"column":10},"end":{"line":101,"column":88}},"type":"binary-expr","locations":[{"start":{"line":101,"column":11},"end":{"line":101,"column":21}},{"start":{"line":101,"column":25},"end":{"line":101,"column":43}},{"start":{"line":101,"column":49},"end":{"line":101,"column":66}},{"start":{"line":101,"column":70},"end":{"line":101,"column":87}}],"line":101},"16":{"loc":{"start":{"line":122,"column":2},"end":{"line":122,"column":25}},"type":"if","locations":[{"start":{"line":122,"column":2},"end":{"line":122,"column":25}},{"start":{},"end":{}}],"line":122},"17":{"loc":{"start":{"line":126,"column":2},"end":{"line":130,"column":3}},"type":"if","locations":[{"start":{"line":126,"column":2},"end":{"line":130,"column":3}},{"start":{"line":128,"column":9},"end":{"line":130,"column":3}}],"line":126},"18":{"loc":{"start":{"line":132,"column":2},"end":{"line":138,"column":3}},"type":"if","locations":[{"start":{"line":132,"column":2},"end":{"line":138,"column":3}},{"start":{},"end":{}}],"line":132},"19":{"loc":{"start":{"line":133,"column":4},"end":{"line":137,"column":5}},"type":"if","locations":[{"start":{"line":133,"column":4},"end":{"line":137,"column":5}},{"start":{"line":135,"column":12},"end":{"line":137,"column":5}}],"line":133},"20":{"loc":{"start":{"line":139,"column":2},"end":{"line":145,"column":3}},"type":"if","locations":[{"start":{"line":139,"column":2},"end":{"line":145,"column":3}},{"start":{},"end":{}}],"line":139},"21":{"loc":{"start":{"line":140,"column":4},"end":{"line":144,"column":5}},"type":"if","locations":[{"start":{"line":140,"column":4},"end":{"line":144,"column":5}},{"start":{"line":142,"column":12},"end":{"line":144,"column":5}}],"line":140},"22":{"loc":{"start":{"line":162,"column":4},"end":{"line":167,"column":5}},"type":"if","locations":[{"start":{"line":162,"column":4},"end":{"line":167,"column":5}},{"start":{},"end":{}}],"line":162},"23":{"loc":{"start":{"line":163,"column":6},"end":{"line":163,"column":54}},"type":"binary-expr","locations":[{"start":{"line":163,"column":6},"end":{"line":163,"column":21}},{"start":{"line":163,"column":25},"end":{"line":163,"column":54}}],"line":163},"24":{"loc":{"start":{"line":171,"column":4},"end":{"line":174,"column":5}},"type":"if","locations":[{"start":{"line":171,"column":4},"end":{"line":174,"column":5}},{"start":{},"end":{}}],"line":171},"25":{"loc":{"start":{"line":179,"column":4},"end":{"line":179,"column":52}},"type":"binary-expr","locations":[{"start":{"line":179,"column":4},"end":{"line":179,"column":19}},{"start":{"line":179,"column":23},"end":{"line":179,"column":52}}],"line":179},"26":{"loc":{"start":{"line":183,"column":4},"end":{"line":187,"column":5}},"type":"if","locations":[{"start":{"line":183,"column":4},"end":{"line":187,"column":5}},{"start":{"line":185,"column":11},"end":{"line":187,"column":5}}],"line":183},"27":{"loc":{"start":{"line":207,"column":4},"end":{"line":211,"column":5}},"type":"if","locations":[{"start":{"line":207,"column":4},"end":{"line":211,"column":5}},{"start":{"line":209,"column":11},"end":{"line":211,"column":5}}],"line":207},"28":{"loc":{"start":{"line":228,"column":4},"end":{"line":232,"column":5}},"type":"if","locations":[{"start":{"line":228,"column":4},"end":{"line":232,"column":5}},{"start":{"line":230,"column":11},"end":{"line":232,"column":5}}],"line":228},"29":{"loc":{"start":{"line":230,"column":11},"end":{"line":232,"column":5}},"type":"if","locations":[{"start":{"line":230,"column":11},"end":{"line":232,"column":5}},{"start":{},"end":{}}],"line":230}},"s":{"0":2,"1":2,"2":8,"3":8,"4":8,"5":1,"6":7,"7":1,"8":1,"9":7,"10":1,"11":7,"12":7,"13":1,"14":1,"15":6,"16":6,"17":7,"18":2,"19":2,"20":2,"21":2,"22":2,"23":2,"24":2,"25":0,"26":2,"27":22,"28":22,"29":22,"30":22,"31":22,"32":22,"33":11,"34":6,"35":16,"36":11,"37":1,"38":15,"39":2,"40":3,"41":3,"42":3,"43":0,"44":3,"45":3,"46":2,"47":1,"48":3,"49":2,"50":0,"51":2,"52":1,"53":1,"54":0,"55":1,"56":0,"57":2,"58":3,"59":3,"60":3,"61":1,"62":1,"63":1,"64":0,"65":3,"66":1,"67":1,"68":1,"69":3,"70":5,"71":5,"72":3,"73":3,"74":1,"75":2,"76":3,"77":3,"78":2,"79":3,"80":0,"81":0,"82":0,"83":3,"84":0,"85":0,"86":2,"87":4,"88":4,"89":4,"90":2,"91":2,"92":1,"93":4,"94":4},"f":{"0":8,"1":2,"2":2,"3":0,"4":22,"5":3,"6":3,"7":1,"8":0,"9":1,"10":5,"11":3,"12":3,"13":0,"14":0,"15":0,"16":4,"17":4},"b":{"0":[1,7],"1":[1,6],"2":[1,6],"3":[1,6],"4":[1,1],"5":[1,1],"6":[6,5],"7":[6,5],"8":[11,11],"9":[6,16],"10":[11,11],"11":[6,5],"12":[11,6],"13":[11,5],"14":[1,10],"15":[11,11,2,1],"16":[0,3],"17":[2,1],"18":[2,1],"19":[0,2],"20":[1,0],"21":[0,1],"22":[1,0],"23":[1,0],"24":[1,0],"25":[5,1],"26":[1,2],"27":[0,0],"28":[2,2],"29":[1,1]},"_coverageSchema":"1a1c01bbd47fc00a2c39e90264f33305004495a9","hash":"9707700b7167f1e52a527c5b6dd6a3d2c55d380e"}
,"/Users/mahao/Desktop/maui/src/components/Swiper/index.tsx": {"path":"/Users/mahao/Desktop/maui/src/components/Swiper/index.tsx","statementMap":{},"fnMap":{},"branchMap":{},"s":{},"f":{},"b":{},"_coverageSchema":"1a1c01bbd47fc00a2c39e90264f33305004495a9","hash":"b92c6527df95a65e1d1b369d27a5efe0dd1face1"}
,"/Users/mahao/Desktop/maui/src/components/Swiper/type.ts": {"path":"/Users/mahao/Desktop/maui/src/components/Swiper/type.ts","statementMap":{},"fnMap":{},"branchMap":{},"s":{},"f":{},"b":{},"_coverageSchema":"1a1c01bbd47fc00a2c39e90264f33305004495a9","hash":"0180bdcaae822342b813832cfab112232f8f123e"}
}
