TN:
SF:assets/a.jpg
FNF:0
FNH:0
DA:1,1
LF:1
LH:1
BRF:0
BRH:0
end_of_record
TN:
SF:assets/b.jpg
FNF:0
FNH:0
DA:1,1
LF:1
LH:1
BRF:0
BRH:0
end_of_record
TN:
SF:assets/c.jpg
FNF:0
FNH:0
DA:1,1
LF:1
LH:1
BRF:0
BRH:0
end_of_record
TN:
SF:assets/d.jpg
FNF:0
FNH:0
DA:1,1
LF:1
LH:1
BRF:0
BRH:0
end_of_record
TN:
SF:src/components/Avatar/index.tsx
FN:13,(anonymous_0)
FN:17,(anonymous_1)
FN:25,(anonymous_2)
FNF:3
FNH:2
FNDA:1,(anonymous_0)
FNDA:0,(anonymous_1)
FNDA:1,(anonymous_2)
DA:13,1
DA:14,1
DA:15,1
DA:17,1
DA:18,0
DA:25,1
DA:26,1
DA:27,0
DA:33,1
DA:40,1
DA:55,1
LF:11
LH:9
BRDA:14,0,0,0
BRDA:14,1,0,1
BRDA:26,2,0,0
BRDA:26,2,1,1
BRF:4
BRH:2
end_of_record
TN:
SF:src/components/Badge/index.tsx
FN:12,(anonymous_0)
FN:20,(anonymous_1)
FNF:2
FNH:2
FNDA:2,(anonymous_0)
FNDA:2,(anonymous_1)
DA:12,1
DA:18,2
DA:20,2
DA:21,2
DA:22,1
DA:27,1
DA:28,1
DA:33,0
DA:39,2
DA:40,0
DA:43,2
DA:57,1
LF:12
LH:10
BRDA:15,0,0,0
BRDA:16,1,0,2
BRDA:17,2,0,2
BRDA:21,3,0,1
BRDA:21,3,1,1
BRDA:27,4,0,1
BRDA:27,4,1,0
BRDA:39,5,0,0
BRDA:39,5,1,2
BRDA:39,6,0,2
BRDA:39,6,1,2
BRF:11
BRH:8
end_of_record
TN:
SF:src/components/Button/index.tsx
FN:18,(anonymous_0)
FN:21,(anonymous_1)
FN:37,(anonymous_2)
FN:41,(anonymous_3)
FNF:4
FNH:4
FNDA:2,(anonymous_0)
FNDA:2,(anonymous_1)
FNDA:2,(anonymous_2)
FNDA:2,(anonymous_3)
DA:18,1
DA:19,2
DA:21,2
DA:22,2
DA:23,1
DA:25,1
DA:27,0
DA:29,0
DA:31,0
DA:33,1
DA:37,2
DA:38,2
DA:41,2
DA:42,2
DA:43,1
DA:46,2
DA:59,1
LF:17
LH:14
BRDA:19,0,0,1
BRDA:22,1,0,1
BRDA:22,1,1,1
BRDA:22,2,0,2
BRDA:22,2,1,1
BRDA:25,3,0,0
BRDA:25,3,1,0
BRDA:25,3,2,0
BRDA:25,3,3,1
BRDA:38,4,0,1
BRDA:38,4,1,1
BRDA:42,5,0,1
BRDA:42,5,1,1
BRDA:43,6,0,1
BRDA:43,6,1,1
BRDA:53,7,0,0
BRDA:53,7,1,2
BRF:17
BRH:13
end_of_record
TN:
SF:src/components/Pagination/Dot.tsx
FN:9,(anonymous_0)
FN:12,(anonymous_1)
FNF:2
FNH:2
FNDA:4,(anonymous_0)
FNDA:8,(anonymous_1)
DA:9,1
DA:10,4
DA:12,4
DA:13,8
DA:14,8
DA:15,8
DA:17,8
DA:23,4
LF:8
LH:8
BRF:0
BRH:0
end_of_record
TN:
SF:src/components/Pagination/index.tsx
FN:11,(anonymous_0)
FN:17,(anonymous_1)
FNF:2
FNH:2
FNDA:1,(anonymous_0)
FNDA:4,(anonymous_1)
DA:11,1
DA:12,1
DA:14,1
DA:18,4
LF:4
LH:4
BRF:0
BRH:0
end_of_record
TN:
SF:src/components/Picker/hook.ts
FN:9,(anonymous_0)
FN:33,(anonymous_1)
FN:39,(anonymous_2)
FNF:3
FNH:3
FNDA:3,(anonymous_0)
FNDA:1,(anonymous_1)
FNDA:3,(anonymous_2)
DA:9,1
DA:10,3
DA:12,3
DA:13,1
DA:16,2
DA:21,2
DA:22,2
DA:24,2
DA:33,1
DA:34,1
DA:35,1
DA:36,1
DA:37,1
DA:39,3
DA:41,1
DA:46,1
LF:16
LH:16
BRDA:12,0,0,1
BRDA:12,0,1,2
BRDA:21,1,0,2
BRDA:21,1,1,1
BRDA:22,2,0,2
BRDA:22,2,1,1
BRF:6
BRH:6
end_of_record
TN:
SF:src/components/Swiper/BaseLayout.tsx
FN:11,(anonymous_0)
FN:14,(anonymous_1)
FNF:2
FNH:0
FNDA:0,(anonymous_0)
FNDA:0,(anonymous_1)
DA:9,1
DA:11,1
DA:12,0
DA:14,0
DA:15,0
DA:16,0
DA:17,0
DA:25,0
DA:35,0
LF:9
LH:2
BRDA:16,0,0,0
BRDA:16,0,1,0
BRF:2
BRH:0
end_of_record
TN:
SF:src/components/Swiper/ItemWrapper.tsx
FN:10,(anonymous_0)
FN:14,(anonymous_1)
FN:14,(anonymous_2)
FNF:3
FNH:1
FNDA:4,(anonymous_0)
FNDA:0,(anonymous_1)
FNDA:0,(anonymous_2)
DA:10,1
DA:11,4
DA:12,4
DA:14,4
DA:15,0
DA:16,0
DA:19,4
DA:22,4
DA:25,0
LF:9
LH:6
BRDA:19,0,0,4
BRDA:19,0,1,0
BRF:2
BRH:1
end_of_record
TN:
SF:src/components/Swiper/ScaleLayout.tsx
FN:12,(anonymous_0)
FN:27,(anonymous_1)
FN:55,(anonymous_2)
FNF:3
FNH:0
FNDA:0,(anonymous_0)
FNDA:0,(anonymous_1)
FNDA:0,(anonymous_2)
DA:12,1
DA:25,0
DA:27,0
DA:28,0
DA:29,0
DA:30,0
DA:31,0
DA:32,0
DA:42,0
DA:43,0
DA:55,0
DA:56,0
DA:57,0
DA:63,0
DA:71,0
LF:15
LH:1
BRDA:30,0,0,0
BRDA:30,0,1,0
BRDA:31,1,0,0
BRDA:31,1,1,0
BRDA:42,2,0,0
BRDA:42,2,1,0
BRDA:56,3,0,0
BRDA:56,3,1,0
BRF:8
BRH:0
end_of_record
TN:
SF:src/components/Swiper/Swiper.tsx
FN:21,(anonymous_0)
FN:41,(anonymous_1)
FN:54,(anonymous_2)
FN:69,(anonymous_3)
FN:81,(anonymous_4)
FN:82,(anonymous_5)
FN:89,(anonymous_6)
FN:90,(anonymous_7)
FN:97,(anonymous_8)
FN:104,(anonymous_9)
FN:112,(anonymous_10)
FN:113,(anonymous_11)
FN:119,(anonymous_12)
FN:120,(anonymous_13)
FN:130,(anonymous_14)
FN:134,(anonymous_15)
FN:141,(anonymous_16)
FN:150,(anonymous_17)
FN:153,(anonymous_18)
FN:156,(anonymous_19)
FNF:20
FNH:10
FNDA:1,(anonymous_0)
FNDA:1,(anonymous_1)
FNDA:1,(anonymous_2)
FNDA:1,(anonymous_3)
FNDA:1,(anonymous_4)
FNDA:0,(anonymous_5)
FNDA:0,(anonymous_6)
FNDA:0,(anonymous_7)
FNDA:1,(anonymous_8)
FNDA:0,(anonymous_9)
FNDA:1,(anonymous_10)
FNDA:0,(anonymous_11)
FNDA:0,(anonymous_12)
FNDA:0,(anonymous_13)
FNDA:0,(anonymous_14)
FNDA:0,(anonymous_15)
FNDA:0,(anonymous_16)
FNDA:1,(anonymous_17)
FNDA:2,(anonymous_18)
FNDA:4,(anonymous_19)
DA:19,1
DA:21,1
DA:33,1
DA:35,1
DA:36,1
DA:37,1
DA:38,1
DA:39,1
DA:41,1
DA:42,1
DA:43,1
DA:48,0
DA:54,1
DA:55,1
DA:56,1
DA:57,1
DA:59,1
DA:60,0
DA:62,1
DA:63,1
DA:65,0
DA:69,1
DA:70,1
DA:71,1
DA:72,0
DA:73,1
DA:74,0
DA:76,1
DA:79,1
DA:81,1
DA:82,1
DA:83,0
DA:84,0
DA:89,1
DA:90,0
DA:91,0
DA:92,0
DA:97,1
DA:99,1
DA:100,1
DA:101,1
DA:103,1
DA:104,1
DA:105,0
DA:106,0
DA:107,0
DA:112,1
DA:113,1
DA:114,0
DA:115,0
DA:119,1
DA:120,0
DA:121,0
DA:122,0
DA:126,1
DA:127,1
DA:129,1
DA:131,0
DA:132,0
DA:135,0
DA:136,0
DA:138,0
DA:142,0
DA:143,0
DA:144,0
DA:145,0
DA:147,0
DA:150,1
DA:153,2
DA:156,1
DA:157,4
DA:159,4
DA:175,1
DA:199,1
LF:74
LH:46
BRDA:27,0,0,0
BRDA:28,1,0,0
BRDA:29,2,0,0
BRDA:42,3,0,1
BRDA:42,3,1,0
BRDA:44,4,0,1
BRDA:44,4,1,0
BRDA:45,5,0,1
BRDA:45,5,1,0
BRDA:59,6,0,0
BRDA:59,6,1,1
BRDA:62,7,0,1
BRDA:62,7,1,0
BRDA:71,8,0,0
BRDA:71,8,1,1
BRDA:73,9,0,0
BRDA:73,9,1,1
BRDA:83,10,0,0
BRDA:83,10,1,0
BRDA:84,11,0,0
BRDA:84,11,1,0
BRDA:91,12,0,0
BRDA:91,12,1,0
BRDA:92,13,0,0
BRDA:92,13,1,0
BRDA:100,14,0,1
BRDA:100,14,1,0
BRDA:106,15,0,0
BRDA:106,15,1,0
BRDA:115,16,0,0
BRDA:115,16,1,0
BRDA:122,17,0,0
BRDA:122,17,1,0
BRDA:135,18,0,0
BRDA:135,18,1,0
BRDA:142,19,0,0
BRDA:142,19,1,0
BRDA:157,20,0,4
BRDA:157,20,1,4
BRDA:169,21,0,4
BRDA:169,21,1,4
BRDA:180,22,0,1
BRDA:180,22,1,0
BRF:43
BRH:13
end_of_record
TN:
SF:src/components/Swiper/hook.ts
FN:15,(anonymous_0)
FN:50,(anonymous_1)
FN:51,(anonymous_2)
FN:74,(anonymous_3)
FN:86,(anonymous_4)
FN:117,(anonymous_5)
FN:157,(anonymous_6)
FN:161,(anonymous_7)
FN:164,(anonymous_8)
FN:170,(anonymous_9)
FN:177,(anonymous_10)
FN:182,(anonymous_11)
FN:204,(anonymous_12)
FN:206,(anonymous_13)
FN:214,(anonymous_14)
FN:214,(anonymous_15)
FN:225,(anonymous_16)
FN:226,(anonymous_17)
FNF:18
FNH:13
FNDA:8,(anonymous_0)
FNDA:2,(anonymous_1)
FNDA:2,(anonymous_2)
FNDA:0,(anonymous_3)
FNDA:22,(anonymous_4)
FNDA:3,(anonymous_5)
FNDA:3,(anonymous_6)
FNDA:1,(anonymous_7)
FNDA:0,(anonymous_8)
FNDA:1,(anonymous_9)
FNDA:5,(anonymous_10)
FNDA:3,(anonymous_11)
FNDA:3,(anonymous_12)
FNDA:0,(anonymous_13)
FNDA:0,(anonymous_14)
FNDA:0,(anonymous_15)
FNDA:4,(anonymous_16)
FNDA:4,(anonymous_17)
DA:5,2
DA:15,2
DA:16,8
DA:17,8
DA:18,8
DA:19,1
DA:21,7
DA:22,1
DA:23,1
DA:25,7
DA:26,1
DA:29,7
DA:34,7
DA:35,1
DA:36,1
DA:38,6
DA:39,6
DA:42,7
DA:50,2
DA:51,2
DA:52,2
DA:57,2
DA:62,2
DA:65,2
DA:74,2
DA:76,0
DA:86,2
DA:88,22
DA:89,22
DA:90,22
DA:92,22
DA:93,22
DA:95,22
DA:96,11
DA:97,6
DA:100,16
DA:101,11
DA:102,1
DA:106,15
DA:117,2
DA:120,3
DA:121,3
DA:122,3
DA:124,3
DA:126,3
DA:127,2
DA:129,1
DA:132,3
DA:133,2
DA:134,0
DA:136,2
DA:139,1
DA:140,1
DA:141,0
DA:143,1
DA:146,0
DA:157,2
DA:158,3
DA:159,3
DA:161,3
DA:162,1
DA:163,1
DA:164,1
DA:165,0
DA:170,3
DA:171,1
DA:172,1
DA:173,1
DA:177,3
DA:178,5
DA:179,5
DA:182,3
DA:183,3
DA:184,1
DA:186,2
DA:188,3
DA:191,3
DA:204,2
DA:206,3
DA:207,0
DA:208,0
DA:210,0
DA:214,3
DA:215,0
DA:225,2
DA:226,4
DA:227,4
DA:228,4
DA:229,2
DA:230,2
DA:231,1
DA:233,4
DA:236,4
LF:93
LH:84
BRDA:18,0,0,1
BRDA:18,0,1,7
BRDA:21,1,0,1
BRDA:21,1,1,6
BRDA:25,2,0,1
BRDA:25,2,1,6
BRDA:34,3,0,1
BRDA:34,3,1,6
BRDA:35,4,0,1
BRDA:35,4,1,1
BRDA:36,5,0,1
BRDA:36,5,1,1
BRDA:38,6,0,6
BRDA:38,6,1,5
BRDA:39,7,0,6
BRDA:39,7,1,5
BRDA:92,8,0,11
BRDA:92,8,1,11
BRDA:93,9,0,6
BRDA:93,9,1,16
BRDA:95,10,0,11
BRDA:95,10,1,11
BRDA:96,11,0,6
BRDA:96,11,1,5
BRDA:96,12,0,11
BRDA:96,12,1,6
BRDA:100,13,0,11
BRDA:100,13,1,5
BRDA:101,14,0,1
BRDA:101,14,1,10
BRDA:101,15,0,11
BRDA:101,15,1,11
BRDA:101,15,2,2
BRDA:101,15,3,1
BRDA:122,16,0,0
BRDA:122,16,1,3
BRDA:126,17,0,2
BRDA:126,17,1,1
BRDA:132,18,0,2
BRDA:132,18,1,1
BRDA:133,19,0,0
BRDA:133,19,1,2
BRDA:139,20,0,1
BRDA:139,20,1,0
BRDA:140,21,0,0
BRDA:140,21,1,1
BRDA:162,22,0,1
BRDA:162,22,1,0
BRDA:163,23,0,1
BRDA:163,23,1,0
BRDA:171,24,0,1
BRDA:171,24,1,0
BRDA:179,25,0,5
BRDA:179,25,1,1
BRDA:183,26,0,1
BRDA:183,26,1,2
BRDA:207,27,0,0
BRDA:207,27,1,0
BRDA:228,28,0,2
BRDA:228,28,1,2
BRDA:230,29,0,1
BRDA:230,29,1,1
BRF:62
BRH:53
end_of_record
TN:
SF:src/components/Swiper/index.tsx
FNF:0
FNH:0
LF:0
LH:0
BRF:0
BRH:0
end_of_record
TN:
SF:src/components/Swiper/type.ts
FNF:0
FNH:0
LF:0
LH:0
BRF:0
BRH:0
end_of_record
